<?xml version="1.0" encoding="UTF-8"?>
<!-- Generated by org.testng.reporters.JUnitReportReporter -->
<testsuite skipped="0" hostname="Nas" name="testGetUsers.TestGetUsersApi" tests="1" failures="0" timestamp="2022-06-12T22:18:10 EDT" time="3.002" errors="0">
  <testcase name="testGetUsersWithParam" time="3.002" classname="testGetUsers.TestGetUsersApi"/>
  <system-out/>
</testsuite> <!-- testGetUsers.TestGetUsersApi -->
