<?xml version="1.0" encoding="UTF-8"?>
<!-- Generated by org.testng.reporters.JUnitReportReporter -->
<testsuite skipped="2" hostname="Nas" name="testPostUser.TestPostUserApi" tests="3" failures="0" timestamp="2022-06-12T23:04:37 EDT" time="2.710" errors="0">
  <testcase name="testPostUserUsingMapPayload" time="2.710" classname="testPostUser.TestPostUserApi"/>
  <system-out/>
  <testcase name="testPostUserUsingStringPayload" classname="testPostUser.TestPostUserApi">
    <skipped/>
  </testcase> <!-- testPostUserUsingStringPayload -->
  <system-out/>
  <testcase name="testPostUserUsingFilePayload" classname="testPostUser.TestPostUserApi">
    <skipped/>
  </testcase> <!-- testPostUserUsingFilePayload -->
  <system-out/>
</testsuite> <!-- testPostUser.TestPostUserApi -->
